CRITICAL - 2025-03-13 16:12:28 --> Invalid argument supplied for foreach()
#0 /opt/bitnami/apache2/htdocs/portal/vendor/zohocrm/php-sdk-archive/src/crm/api/handler/EntityAPIHandler.php(422): CodeIgniter\Debug\Exceptions->errorHandler(2, 'Invalid argumen...', '/opt/bitnami/ap...', 422, Array)
#1 /opt/bitnami/apache2/htdocs/portal/vendor/zohocrm/php-sdk-archive/src/crm/api/handler/EntityAPIHandler.php(47): zcrmsdk\crm\api\handler\EntityAPIHandler->setRecordProperties(NULL)
#2 /opt/bitnami/apache2/htdocs/portal/vendor/zohocrm/php-sdk-archive/src/crm/crud/ZCRMModule.php(1070): zcrmsdk\crm\api\handler\EntityAPIHandler->getRecord(Array, Array)
#3 /opt/bitnami/apache2/htdocs/portal/app/Libraries/Zoho.php(49): zcrmsdk\crm\crud\ZCRMModule->getRecord('322237300020118...')
#4 /opt/bitnami/apache2/htdocs/portal/app/Controllers/Plantillas.php(194): App\Libraries\Zoho->getRecord('Cases', '322237300020118...')
#5 /opt/bitnami/apache2/htdocs/portal/system/CodeIgniter.php(802): App\Controllers\Plantillas->caso('322237300020118...')
#6 /opt/bitnami/apache2/htdocs/portal/system/CodeIgniter.php(399): CodeIgniter\CodeIgniter->runController(Object(App\Controllers\Plantillas))
#7 /opt/bitnami/apache2/htdocs/portal/system/CodeIgniter.php(317): CodeIgniter\CodeIgniter->handleRequest(NULL, Object(Config\Cache), false)
#8 /opt/bitnami/apache2/htdocs/portal/public/index.php(37): CodeIgniter\CodeIgniter->run()
#9 {main}
CRITICAL - 2025-03-13 16:12:49 --> Invalid argument supplied for foreach()
#0 /opt/bitnami/apache2/htdocs/portal/vendor/zohocrm/php-sdk-archive/src/crm/api/handler/EntityAPIHandler.php(422): CodeIgniter\Debug\Exceptions->errorHandler(2, 'Invalid argumen...', '/opt/bitnami/ap...', 422, Array)
#1 /opt/bitnami/apache2/htdocs/portal/vendor/zohocrm/php-sdk-archive/src/crm/api/handler/EntityAPIHandler.php(47): zcrmsdk\crm\api\handler\EntityAPIHandler->setRecordProperties(NULL)
#2 /opt/bitnami/apache2/htdocs/portal/vendor/zohocrm/php-sdk-archive/src/crm/crud/ZCRMModule.php(1070): zcrmsdk\crm\api\handler\EntityAPIHandler->getRecord(Array, Array)
#3 /opt/bitnami/apache2/htdocs/portal/app/Libraries/Zoho.php(49): zcrmsdk\crm\crud\ZCRMModule->getRecord('322237300020118...')
#4 /opt/bitnami/apache2/htdocs/portal/app/Controllers/Plantillas.php(194): App\Libraries\Zoho->getRecord('Cases', '322237300020118...')
#5 /opt/bitnami/apache2/htdocs/portal/system/CodeIgniter.php(802): App\Controllers\Plantillas->caso('322237300020118...')
#6 /opt/bitnami/apache2/htdocs/portal/system/CodeIgniter.php(399): CodeIgniter\CodeIgniter->runController(Object(App\Controllers\Plantillas))
#7 /opt/bitnami/apache2/htdocs/portal/system/CodeIgniter.php(317): CodeIgniter\CodeIgniter->handleRequest(NULL, Object(Config\Cache), false)
#8 /opt/bitnami/apache2/htdocs/portal/public/index.php(37): CodeIgniter\CodeIgniter->run()
#9 {main}
CRITICAL - 2025-03-13 16:13:02 --> Invalid argument supplied for foreach()
#0 /opt/bitnami/apache2/htdocs/portal/vendor/zohocrm/php-sdk-archive/src/crm/api/handler/EntityAPIHandler.php(422): CodeIgniter\Debug\Exceptions->errorHandler(2, 'Invalid argumen...', '/opt/bitnami/ap...', 422, Array)
#1 /opt/bitnami/apache2/htdocs/portal/vendor/zohocrm/php-sdk-archive/src/crm/api/handler/EntityAPIHandler.php(47): zcrmsdk\crm\api\handler\EntityAPIHandler->setRecordProperties(NULL)
#2 /opt/bitnami/apache2/htdocs/portal/vendor/zohocrm/php-sdk-archive/src/crm/crud/ZCRMModule.php(1070): zcrmsdk\crm\api\handler\EntityAPIHandler->getRecord(Array, Array)
#3 /opt/bitnami/apache2/htdocs/portal/app/Libraries/Zoho.php(49): zcrmsdk\crm\crud\ZCRMModule->getRecord('322237300020118...')
#4 /opt/bitnami/apache2/htdocs/portal/app/Controllers/Plantillas.php(194): App\Libraries\Zoho->getRecord('Cases', '322237300020118...')
#5 /opt/bitnami/apache2/htdocs/portal/system/CodeIgniter.php(802): App\Controllers\Plantillas->caso('322237300020118...')
#6 /opt/bitnami/apache2/htdocs/portal/system/CodeIgniter.php(399): CodeIgniter\CodeIgniter->runController(Object(App\Controllers\Plantillas))
#7 /opt/bitnami/apache2/htdocs/portal/system/CodeIgniter.php(317): CodeIgniter\CodeIgniter->handleRequest(NULL, Object(Config\Cache), false)
#8 /opt/bitnami/apache2/htdocs/portal/public/index.php(37): CodeIgniter\CodeIgniter->run()
#9 {main}
CRITICAL - 2025-03-13 16:13:09 --> Invalid argument supplied for foreach()
#0 /opt/bitnami/apache2/htdocs/portal/vendor/zohocrm/php-sdk-archive/src/crm/api/handler/EntityAPIHandler.php(422): CodeIgniter\Debug\Exceptions->errorHandler(2, 'Invalid argumen...', '/opt/bitnami/ap...', 422, Array)
#1 /opt/bitnami/apache2/htdocs/portal/vendor/zohocrm/php-sdk-archive/src/crm/api/handler/EntityAPIHandler.php(47): zcrmsdk\crm\api\handler\EntityAPIHandler->setRecordProperties(NULL)
#2 /opt/bitnami/apache2/htdocs/portal/vendor/zohocrm/php-sdk-archive/src/crm/crud/ZCRMModule.php(1070): zcrmsdk\crm\api\handler\EntityAPIHandler->getRecord(Array, Array)
#3 /opt/bitnami/apache2/htdocs/portal/app/Libraries/Zoho.php(49): zcrmsdk\crm\crud\ZCRMModule->getRecord('322237300020118...')
#4 /opt/bitnami/apache2/htdocs/portal/app/Controllers/Plantillas.php(350): App\Libraries\Zoho->getRecord('Cases', '322237300020118...')
#5 /opt/bitnami/apache2/htdocs/portal/system/CodeIgniter.php(802): App\Controllers\Plantillas->accidente('322237300020118...')
#6 /opt/bitnami/apache2/htdocs/portal/system/CodeIgniter.php(399): CodeIgniter\CodeIgniter->runController(Object(App\Controllers\Plantillas))
#7 /opt/bitnami/apache2/htdocs/portal/system/CodeIgniter.php(317): CodeIgniter\CodeIgniter->handleRequest(NULL, Object(Config\Cache), false)
#8 /opt/bitnami/apache2/htdocs/portal/public/index.php(37): CodeIgniter\CodeIgniter->run()
#9 {main}
CRITICAL - 2025-03-13 16:19:55 --> array_key_exists() expects parameter 2 to be array, null given
#0 [internal function]: CodeIgniter\Debug\Exceptions->errorHandler(2, 'array_key_exist...', '/opt/bitnami/ap...', 184, Array)
#1 /opt/bitnami/apache2/htdocs/portal/vendor/zohocrm/php-sdk-archive/src/crm/api/response/BulkAPIResponse.php(184): array_key_exists('info', NULL)
#2 /opt/bitnami/apache2/htdocs/portal/vendor/zohocrm/php-sdk-archive/src/crm/api/response/BulkAPIResponse.php(48): zcrmsdk\crm\api\response\BulkAPIResponse->setInfo()
#3 /opt/bitnami/apache2/htdocs/portal/vendor/zohocrm/php-sdk-archive/src/crm/api/APIRequest.php(148): zcrmsdk\crm\api\response\BulkAPIResponse->__construct(false, 0)
#4 /opt/bitnami/apache2/htdocs/portal/vendor/zohocrm/php-sdk-archive/src/crm/api/handler/MassEntityAPIHandler.php(335): zcrmsdk\crm\api\APIRequest->getBulkAPIResponse()
#5 /opt/bitnami/apache2/htdocs/portal/vendor/zohocrm/php-sdk-archive/src/crm/crud/ZCRMModule.php(1131): zcrmsdk\crm\api\handler\MassEntityAPIHandler->searchRecords(Array, 'criteria', '((Corredor:equa...')
#6 /opt/bitnami/apache2/htdocs/portal/app/Libraries/Zoho.php(109): zcrmsdk\crm\crud\ZCRMModule->searchRecordsByCriteria('((Corredor:equa...', Array)
#7 /opt/bitnami/apache2/htdocs/portal/app/Libraries/Cotizar/CotizarVida.php(88): App\Libraries\Zoho->searchRecordsByCriteria('Products', '((Corredor:equa...')
#8 /opt/bitnami/apache2/htdocs/portal/app/Controllers/Cotizaciones.php(93): App\Libraries\Cotizar\CotizarVida->cotizar_planes()
#9 /opt/bitnami/apache2/htdocs/portal/system/CodeIgniter.php(802): App\Controllers\Cotizaciones->index()
#10 /opt/bitnami/apache2/htdocs/portal/system/CodeIgniter.php(399): CodeIgniter\CodeIgniter->runController(Object(App\Controllers\Cotizaciones))
#11 /opt/bitnami/apache2/htdocs/portal/system/CodeIgniter.php(317): CodeIgniter\CodeIgniter->handleRequest(NULL, Object(Config\Cache), false)
#12 /opt/bitnami/apache2/htdocs/portal/public/index.php(37): CodeIgniter\CodeIgniter->run()
#13 {main}
CRITICAL - 2025-03-13 16:19:58 --> array_key_exists() expects parameter 2 to be array, null given
#0 [internal function]: CodeIgniter\Debug\Exceptions->errorHandler(2, 'array_key_exist...', '/opt/bitnami/ap...', 184, Array)
#1 /opt/bitnami/apache2/htdocs/portal/vendor/zohocrm/php-sdk-archive/src/crm/api/response/BulkAPIResponse.php(184): array_key_exists('info', NULL)
#2 /opt/bitnami/apache2/htdocs/portal/vendor/zohocrm/php-sdk-archive/src/crm/api/response/BulkAPIResponse.php(48): zcrmsdk\crm\api\response\BulkAPIResponse->setInfo()
#3 /opt/bitnami/apache2/htdocs/portal/vendor/zohocrm/php-sdk-archive/src/crm/api/APIRequest.php(148): zcrmsdk\crm\api\response\BulkAPIResponse->__construct(false, 0)
#4 /opt/bitnami/apache2/htdocs/portal/vendor/zohocrm/php-sdk-archive/src/crm/api/handler/MassEntityAPIHandler.php(335): zcrmsdk\crm\api\APIRequest->getBulkAPIResponse()
#5 /opt/bitnami/apache2/htdocs/portal/vendor/zohocrm/php-sdk-archive/src/crm/crud/ZCRMModule.php(1131): zcrmsdk\crm\api\handler\MassEntityAPIHandler->searchRecords(Array, 'criteria', 'Corredor:equals...')
#6 /opt/bitnami/apache2/htdocs/portal/app/Libraries/Zoho.php(109): zcrmsdk\crm\crud\ZCRMModule->searchRecordsByCriteria('Corredor:equals...', Array)
#7 /opt/bitnami/apache2/htdocs/portal/app/Controllers/Cotizaciones.php(102): App\Libraries\Zoho->searchRecordsByCriteria('Products', 'Corredor:equals...')
#8 /opt/bitnami/apache2/htdocs/portal/system/CodeIgniter.php(802): App\Controllers\Cotizaciones->index()
#9 /opt/bitnami/apache2/htdocs/portal/system/CodeIgniter.php(399): CodeIgniter\CodeIgniter->runController(Object(App\Controllers\Cotizaciones))
#10 /opt/bitnami/apache2/htdocs/portal/system/CodeIgniter.php(317): CodeIgniter\CodeIgniter->handleRequest(NULL, Object(Config\Cache), false)
#11 /opt/bitnami/apache2/htdocs/portal/public/index.php(37): CodeIgniter\CodeIgniter->run()
#12 {main}
