CRITICAL - 2025-03-10 08:32:24 --> Class 'zcrmsdk\crm\setup\restclient\ZCRMRestClient' not found
#0 /opt/bitnami/apache2/htdocs/portal/app/Controllers/Login.php(15): App\Libraries\Zoho->__construct()
#1 /opt/bitnami/apache2/htdocs/portal/system/CodeIgniter.php(802): App\Controllers\Login->index()
#2 /opt/bitnami/apache2/htdocs/portal/system/CodeIgniter.php(399): CodeIgniter\CodeIgniter->runController(Object(App\Controllers\Login))
#3 /opt/bitnami/apache2/htdocs/portal/system/CodeIgniter.php(317): CodeIgniter\CodeIgniter->handleRequest(NULL, Object(Config\Cache), false)
#4 /opt/bitnami/apache2/htdocs/portal/public/index.php(37): CodeIgniter\CodeIgniter->run()
#5 {main}
CRITICAL - 2025-03-10 08:32:35 --> Class 'zcrmsdk\crm\setup\restclient\ZCRMRestClient' not found
#0 /opt/bitnami/apache2/htdocs/portal/app/Controllers/Login.php(15): App\Libraries\Zoho->__construct()
#1 /opt/bitnami/apache2/htdocs/portal/system/CodeIgniter.php(802): App\Controllers\Login->index()
#2 /opt/bitnami/apache2/htdocs/portal/system/CodeIgniter.php(399): CodeIgniter\CodeIgniter->runController(Object(App\Controllers\Login))
#3 /opt/bitnami/apache2/htdocs/portal/system/CodeIgniter.php(317): CodeIgniter\CodeIgniter->handleRequest(NULL, Object(Config\Cache), false)
#4 /opt/bitnami/apache2/htdocs/portal/public/index.php(37): CodeIgniter\CodeIgniter->run()
#5 {main}
CRITICAL - 2025-03-10 08:32:37 --> Class 'zcrmsdk\crm\setup\restclient\ZCRMRestClient' not found
#0 /opt/bitnami/apache2/htdocs/portal/app/Controllers/Login.php(15): App\Libraries\Zoho->__construct()
#1 /opt/bitnami/apache2/htdocs/portal/system/CodeIgniter.php(802): App\Controllers\Login->index()
#2 /opt/bitnami/apache2/htdocs/portal/system/CodeIgniter.php(399): CodeIgniter\CodeIgniter->runController(Object(App\Controllers\Login))
#3 /opt/bitnami/apache2/htdocs/portal/system/CodeIgniter.php(317): CodeIgniter\CodeIgniter->handleRequest(NULL, Object(Config\Cache), false)
#4 /opt/bitnami/apache2/htdocs/portal/public/index.php(37): CodeIgniter\CodeIgniter->run()
#5 {main}
CRITICAL - 2025-03-10 08:32:49 --> Class 'zcrmsdk\crm\setup\restclient\ZCRMRestClient' not found
#0 /opt/bitnami/apache2/htdocs/portal/app/Controllers/Login.php(15): App\Libraries\Zoho->__construct()
#1 /opt/bitnami/apache2/htdocs/portal/system/CodeIgniter.php(802): App\Controllers\Login->index()
#2 /opt/bitnami/apache2/htdocs/portal/system/CodeIgniter.php(399): CodeIgniter\CodeIgniter->runController(Object(App\Controllers\Login))
#3 /opt/bitnami/apache2/htdocs/portal/system/CodeIgniter.php(317): CodeIgniter\CodeIgniter->handleRequest(NULL, Object(Config\Cache), false)
#4 /opt/bitnami/apache2/htdocs/portal/public/index.php(37): CodeIgniter\CodeIgniter->run()
#5 {main}
CRITICAL - 2025-03-10 08:32:52 --> Class 'zcrmsdk\crm\setup\restclient\ZCRMRestClient' not found
#0 /opt/bitnami/apache2/htdocs/portal/app/Controllers/Login.php(15): App\Libraries\Zoho->__construct()
#1 /opt/bitnami/apache2/htdocs/portal/system/CodeIgniter.php(802): App\Controllers\Login->index()
#2 /opt/bitnami/apache2/htdocs/portal/system/CodeIgniter.php(399): CodeIgniter\CodeIgniter->runController(Object(App\Controllers\Login))
#3 /opt/bitnami/apache2/htdocs/portal/system/CodeIgniter.php(317): CodeIgniter\CodeIgniter->handleRequest(NULL, Object(Config\Cache), false)
#4 /opt/bitnami/apache2/htdocs/portal/public/index.php(37): CodeIgniter\CodeIgniter->run()
#5 {main}
CRITICAL - 2025-03-10 08:33:49 --> Class 'zcrmsdk\crm\setup\restclient\ZCRMRestClient' not found
#0 /opt/bitnami/apache2/htdocs/portal/app/Controllers/Login.php(15): App\Libraries\Zoho->__construct()
#1 /opt/bitnami/apache2/htdocs/portal/system/CodeIgniter.php(802): App\Controllers\Login->index()
#2 /opt/bitnami/apache2/htdocs/portal/system/CodeIgniter.php(399): CodeIgniter\CodeIgniter->runController(Object(App\Controllers\Login))
#3 /opt/bitnami/apache2/htdocs/portal/system/CodeIgniter.php(317): CodeIgniter\CodeIgniter->handleRequest(NULL, Object(Config\Cache), false)
#4 /opt/bitnami/apache2/htdocs/portal/public/index.php(37): CodeIgniter\CodeIgniter->run()
#5 {main}
CRITICAL - 2025-03-10 08:34:04 --> Class 'zcrmsdk\crm\setup\restclient\ZCRMRestClient' not found
#0 /opt/bitnami/apache2/htdocs/portal/app/Controllers/Login.php(15): App\Libraries\Zoho->__construct()
#1 /opt/bitnami/apache2/htdocs/portal/system/CodeIgniter.php(802): App\Controllers\Login->index()
#2 /opt/bitnami/apache2/htdocs/portal/system/CodeIgniter.php(399): CodeIgniter\CodeIgniter->runController(Object(App\Controllers\Login))
#3 /opt/bitnami/apache2/htdocs/portal/system/CodeIgniter.php(317): CodeIgniter\CodeIgniter->handleRequest(NULL, Object(Config\Cache), false)
#4 /opt/bitnami/apache2/htdocs/portal/public/index.php(37): CodeIgniter\CodeIgniter->run()
#5 {main}
CRITICAL - 2025-03-10 08:34:10 --> Class 'zcrmsdk\crm\setup\restclient\ZCRMRestClient' not found
#0 /opt/bitnami/apache2/htdocs/portal/app/Controllers/Login.php(15): App\Libraries\Zoho->__construct()
#1 /opt/bitnami/apache2/htdocs/portal/system/CodeIgniter.php(802): App\Controllers\Login->index()
#2 /opt/bitnami/apache2/htdocs/portal/system/CodeIgniter.php(399): CodeIgniter\CodeIgniter->runController(Object(App\Controllers\Login))
#3 /opt/bitnami/apache2/htdocs/portal/system/CodeIgniter.php(317): CodeIgniter\CodeIgniter->handleRequest(NULL, Object(Config\Cache), false)
#4 /opt/bitnami/apache2/htdocs/portal/public/index.php(37): CodeIgniter\CodeIgniter->run()
#5 {main}
CRITICAL - 2025-03-10 08:43:17 --> Class 'zcrmsdk\crm\setup\restclient\ZCRMRestClient' not found
#0 /opt/bitnami/apache2/htdocs/portal/app/Controllers/Login.php(13): App\Libraries\Zoho->__construct()
#1 /opt/bitnami/apache2/htdocs/portal/system/CodeIgniter.php(802): App\Controllers\Login->index()
#2 /opt/bitnami/apache2/htdocs/portal/system/CodeIgniter.php(399): CodeIgniter\CodeIgniter->runController(Object(App\Controllers\Login))
#3 /opt/bitnami/apache2/htdocs/portal/system/CodeIgniter.php(317): CodeIgniter\CodeIgniter->handleRequest(NULL, Object(Config\Cache), false)
#4 /opt/bitnami/apache2/htdocs/portal/public/index.php(37): CodeIgniter\CodeIgniter->run()
#5 {main}
CRITICAL - 2025-03-10 08:43:22 --> Class 'zcrmsdk\crm\setup\restclient\ZCRMRestClient' not found
#0 /opt/bitnami/apache2/htdocs/portal/app/Controllers/Login.php(13): App\Libraries\Zoho->__construct()
#1 /opt/bitnami/apache2/htdocs/portal/system/CodeIgniter.php(802): App\Controllers\Login->index()
#2 /opt/bitnami/apache2/htdocs/portal/system/CodeIgniter.php(399): CodeIgniter\CodeIgniter->runController(Object(App\Controllers\Login))
#3 /opt/bitnami/apache2/htdocs/portal/system/CodeIgniter.php(317): CodeIgniter\CodeIgniter->handleRequest(NULL, Object(Config\Cache), false)
#4 /opt/bitnami/apache2/htdocs/portal/public/index.php(37): CodeIgniter\CodeIgniter->run()
#5 {main}
CRITICAL - 2025-03-10 08:44:02 --> Class 'zcrmsdk\crm\setup\restclient\ZCRMRestClient' not found
#0 /opt/bitnami/apache2/htdocs/portal/app/Controllers/Login.php(13): App\Libraries\Zoho->__construct()
#1 /opt/bitnami/apache2/htdocs/portal/system/CodeIgniter.php(802): App\Controllers\Login->index()
#2 /opt/bitnami/apache2/htdocs/portal/system/CodeIgniter.php(399): CodeIgniter\CodeIgniter->runController(Object(App\Controllers\Login))
#3 /opt/bitnami/apache2/htdocs/portal/system/CodeIgniter.php(317): CodeIgniter\CodeIgniter->handleRequest(NULL, Object(Config\Cache), false)
#4 /opt/bitnami/apache2/htdocs/portal/public/index.php(37): CodeIgniter\CodeIgniter->run()
#5 {main}
CRITICAL - 2025-03-10 08:44:44 --> Class 'zcrmsdk\crm\setup\restclient\ZCRMRestClient' not found
#0 /opt/bitnami/apache2/htdocs/portal/app/Controllers/Login.php(13): App\Libraries\Zoho->__construct()
#1 /opt/bitnami/apache2/htdocs/portal/system/CodeIgniter.php(802): App\Controllers\Login->index()
#2 /opt/bitnami/apache2/htdocs/portal/system/CodeIgniter.php(399): CodeIgniter\CodeIgniter->runController(Object(App\Controllers\Login))
#3 /opt/bitnami/apache2/htdocs/portal/system/CodeIgniter.php(317): CodeIgniter\CodeIgniter->handleRequest(NULL, Object(Config\Cache), false)
#4 /opt/bitnami/apache2/htdocs/portal/public/index.php(37): CodeIgniter\CodeIgniter->run()
#5 {main}
CRITICAL - 2025-03-10 08:45:06 --> Class 'zcrmsdk\crm\setup\restclient\ZCRMRestClient' not found
#0 /opt/bitnami/apache2/htdocs/portal/app/Controllers/Login.php(13): App\Libraries\Zoho->__construct()
#1 /opt/bitnami/apache2/htdocs/portal/system/CodeIgniter.php(802): App\Controllers\Login->index()
#2 /opt/bitnami/apache2/htdocs/portal/system/CodeIgniter.php(399): CodeIgniter\CodeIgniter->runController(Object(App\Controllers\Login))
#3 /opt/bitnami/apache2/htdocs/portal/system/CodeIgniter.php(317): CodeIgniter\CodeIgniter->handleRequest(NULL, Object(Config\Cache), false)
#4 /opt/bitnami/apache2/htdocs/portal/public/index.php(37): CodeIgniter\CodeIgniter->run()
#5 {main}
CRITICAL - 2025-03-10 08:45:26 --> Class 'zcrmsdk\crm\setup\restclient\ZCRMRestClient' not found
#0 /opt/bitnami/apache2/htdocs/portal/app/Controllers/Login.php(13): App\Libraries\Zoho->__construct()
#1 /opt/bitnami/apache2/htdocs/portal/system/CodeIgniter.php(802): App\Controllers\Login->index()
#2 /opt/bitnami/apache2/htdocs/portal/system/CodeIgniter.php(399): CodeIgniter\CodeIgniter->runController(Object(App\Controllers\Login))
#3 /opt/bitnami/apache2/htdocs/portal/system/CodeIgniter.php(317): CodeIgniter\CodeIgniter->handleRequest(NULL, Object(Config\Cache), false)
#4 /opt/bitnami/apache2/htdocs/portal/public/index.php(37): CodeIgniter\CodeIgniter->run()
#5 {main}
CRITICAL - 2025-03-10 08:45:33 --> Class 'zcrmsdk\crm\setup\restclient\ZCRMRestClient' not found
#0 /opt/bitnami/apache2/htdocs/portal/app/Controllers/Login.php(13): App\Libraries\Zoho->__construct()
#1 /opt/bitnami/apache2/htdocs/portal/system/CodeIgniter.php(802): App\Controllers\Login->index()
#2 /opt/bitnami/apache2/htdocs/portal/system/CodeIgniter.php(399): CodeIgniter\CodeIgniter->runController(Object(App\Controllers\Login))
#3 /opt/bitnami/apache2/htdocs/portal/system/CodeIgniter.php(317): CodeIgniter\CodeIgniter->handleRequest(NULL, Object(Config\Cache), false)
#4 /opt/bitnami/apache2/htdocs/portal/public/index.php(37): CodeIgniter\CodeIgniter->run()
#5 {main}
CRITICAL - 2025-03-10 08:46:47 --> zcrmsdk\oauth\exception\ZohoOAuthException Caused by:'Exception while fetching access token from grant token - HTTP/1.1 200 
Server: ZGS
Date: Mon, 10 Mar 2025 12:46:47 GMT
Content-Type: application/json;charset=UTF-8
Content-Length: 24
Connection: keep-alive
Set-Cookie: zalb_b266a5bf57=a711b6da0e6cbadb5e254290f114a026; Path=/; Secure; HttpOnly
Cache-Control: no-store
X-Content-Type-Options: nosniff
Pragma: no-cache
Set-Cookie: iamcsr=085eba5c-22e1-4048-b9d4-fbec10423aa9;path=/;SameSite=None;Secure;priority=high
Set-Cookie: _zcsr_tmp=085eba5c-22e1-4048-b9d4-fbec10423aa9;path=/;SameSite=Strict;Secure;priority=high
X-Frame-Options: SAMEORIGIN
Content-Language: en-US
Strict-Transport-Security: max-age=63072000

{"error":"invalid_code"}' in /opt/bitnami/apache2/htdocs/portal/vendor/zohocrm/php-sdk-archive/src/oauth/ZohoOAuthClient.php(69)
#0 /opt/bitnami/apache2/htdocs/portal/app/Libraries/Zoho.php(33): zcrmsdk\oauth\ZohoOAuthClient->generateAccessToken('1000.c96967ba18...')
#1 /opt/bitnami/apache2/htdocs/portal/app/Controllers/Login.php(15): App\Libraries\Zoho->generateTokens('1000.c96967ba18...')
#2 /opt/bitnami/apache2/htdocs/portal/system/CodeIgniter.php(802): App\Controllers\Login->index()
#3 /opt/bitnami/apache2/htdocs/portal/system/CodeIgniter.php(399): CodeIgniter\CodeIgniter->runController(Object(App\Controllers\Login))
#4 /opt/bitnami/apache2/htdocs/portal/system/CodeIgniter.php(317): CodeIgniter\CodeIgniter->handleRequest(NULL, Object(Config\Cache), false)
#5 /opt/bitnami/apache2/htdocs/portal/public/index.php(37): CodeIgniter\CodeIgniter->run()
#6 {main}
#0 /opt/bitnami/apache2/htdocs/portal/app/Libraries/Zoho.php(33): zcrmsdk\oauth\ZohoOAuthClient->generateAccessToken('1000.c96967ba18...')
#1 /opt/bitnami/apache2/htdocs/portal/app/Controllers/Login.php(15): App\Libraries\Zoho->generateTokens('1000.c96967ba18...')
#2 /opt/bitnami/apache2/htdocs/portal/system/CodeIgniter.php(802): App\Controllers\Login->index()
#3 /opt/bitnami/apache2/htdocs/portal/system/CodeIgniter.php(399): CodeIgniter\CodeIgniter->runController(Object(App\Controllers\Login))
#4 /opt/bitnami/apache2/htdocs/portal/system/CodeIgniter.php(317): CodeIgniter\CodeIgniter->handleRequest(NULL, Object(Config\Cache), false)
#5 /opt/bitnami/apache2/htdocs/portal/public/index.php(37): CodeIgniter\CodeIgniter->run()
#6 {main}
CRITICAL - 2025-03-10 08:47:26 --> zcrmsdk\oauth\exception\ZohoOAuthException Caused by:'Exception while fetching access token from grant token - HTTP/1.1 200 
Server: ZGS
Date: Mon, 10 Mar 2025 12:47:26 GMT
Content-Type: application/json;charset=UTF-8
Content-Length: 24
Connection: keep-alive
Set-Cookie: zalb_b266a5bf57=9f371135a524e2d1f51eb9f41fa26c60; Path=/; Secure; HttpOnly
Cache-Control: no-store
X-Content-Type-Options: nosniff
Pragma: no-cache
Set-Cookie: iamcsr=383e0d03-43ef-4337-b85c-a924f880797c;path=/;SameSite=None;Secure;priority=high
Set-Cookie: _zcsr_tmp=383e0d03-43ef-4337-b85c-a924f880797c;path=/;SameSite=Strict;Secure;priority=high
X-Frame-Options: SAMEORIGIN
Content-Language: en-US
Strict-Transport-Security: max-age=63072000

{"error":"invalid_code"}' in /opt/bitnami/apache2/htdocs/portal/vendor/zohocrm/php-sdk-archive/src/oauth/ZohoOAuthClient.php(69)
#0 /opt/bitnami/apache2/htdocs/portal/app/Libraries/Zoho.php(33): zcrmsdk\oauth\ZohoOAuthClient->generateAccessToken('1000.c96967ba18...')
#1 /opt/bitnami/apache2/htdocs/portal/app/Controllers/Login.php(15): App\Libraries\Zoho->generateTokens('1000.c96967ba18...')
#2 /opt/bitnami/apache2/htdocs/portal/system/CodeIgniter.php(802): App\Controllers\Login->index()
#3 /opt/bitnami/apache2/htdocs/portal/system/CodeIgniter.php(399): CodeIgniter\CodeIgniter->runController(Object(App\Controllers\Login))
#4 /opt/bitnami/apache2/htdocs/portal/system/CodeIgniter.php(317): CodeIgniter\CodeIgniter->handleRequest(NULL, Object(Config\Cache), false)
#5 /opt/bitnami/apache2/htdocs/portal/public/index.php(37): CodeIgniter\CodeIgniter->run()
#6 {main}
#0 /opt/bitnami/apache2/htdocs/portal/app/Libraries/Zoho.php(33): zcrmsdk\oauth\ZohoOAuthClient->generateAccessToken('1000.c96967ba18...')
#1 /opt/bitnami/apache2/htdocs/portal/app/Controllers/Login.php(15): App\Libraries\Zoho->generateTokens('1000.c96967ba18...')
#2 /opt/bitnami/apache2/htdocs/portal/system/CodeIgniter.php(802): App\Controllers\Login->index()
#3 /opt/bitnami/apache2/htdocs/portal/system/CodeIgniter.php(399): CodeIgniter\CodeIgniter->runController(Object(App\Controllers\Login))
#4 /opt/bitnami/apache2/htdocs/portal/system/CodeIgniter.php(317): CodeIgniter\CodeIgniter->handleRequest(NULL, Object(Config\Cache), false)
#5 /opt/bitnami/apache2/htdocs/portal/public/index.php(37): CodeIgniter\CodeIgniter->run()
#6 {main}
CRITICAL - 2025-03-10 08:47:57 --> fopen(/opt/bitnami/apache2/htdocs/portal/ZCRMClientLibrary.log): failed to open stream: Permission denied
#0 [internal function]: CodeIgniter\Debug\Exceptions->errorHandler(2, 'fopen(/opt/bitn...', '/opt/bitnami/ap...', 19, Array)
#1 /opt/bitnami/apache2/htdocs/portal/vendor/zohocrm/php-sdk-archive/src/crm/utility/Logger.php(19): fopen('/opt/bitnami/ap...', 'a')
#2 /opt/bitnami/apache2/htdocs/portal/vendor/zohocrm/php-sdk-archive/src/crm/utility/Logger.php(39): zcrmsdk\crm\utility\Logger::writeToFile('SEVERE: Excepti...')
#3 /opt/bitnami/apache2/htdocs/portal/vendor/zohocrm/php-sdk-archive/src/oauth/persistence/ZohoOAuthPersistenceByFile.php(34): zcrmsdk\crm\utility\Logger::severe('Exception occur...')
#4 /opt/bitnami/apache2/htdocs/portal/vendor/zohocrm/php-sdk-archive/src/oauth/ZohoOAuthClient.php(97): zcrmsdk\oauth\persistence\ZohoOAuthPersistenceByFile->saveOAuthData(Object(zcrmsdk\oauth\utility\ZohoOAuthTokens))
#5 /opt/bitnami/apache2/htdocs/portal/vendor/zohocrm/php-sdk-archive/src/oauth/ZohoOAuthClient.php(78): zcrmsdk\oauth\ZohoOAuthClient->refreshAccessToken('1000.c96967ba18...', 'tecnologia@grup...')
#6 /opt/bitnami/apache2/htdocs/portal/app/Libraries/Zoho.php(38): zcrmsdk\oauth\ZohoOAuthClient->generateAccessTokenFromRefreshToken('1000.c96967ba18...', 'tecnologia@grup...')
#7 /opt/bitnami/apache2/htdocs/portal/app/Controllers/Login.php(15): App\Libraries\Zoho->generateTokens('1000.c96967ba18...')
#8 /opt/bitnami/apache2/htdocs/portal/system/CodeIgniter.php(802): App\Controllers\Login->index()
#9 /opt/bitnami/apache2/htdocs/portal/system/CodeIgniter.php(399): CodeIgniter\CodeIgniter->runController(Object(App\Controllers\Login))
#10 /opt/bitnami/apache2/htdocs/portal/system/CodeIgniter.php(317): CodeIgniter\CodeIgniter->handleRequest(NULL, Object(Config\Cache), false)
#11 /opt/bitnami/apache2/htdocs/portal/public/index.php(37): CodeIgniter\CodeIgniter->run()
#12 {main}
