CRITICAL - 2025-03-21 09:04:30 --> Illegal string offset 'name'
#0 /opt/bitnami/apache2/htdocs/portal/app/Controllers/Cotizaciones.php(125): CodeIgniter\Debug\Exceptions->errorHandler(2, 'Illegal string ...', '/opt/bitnami/ap...', 125, Array)
#1 [internal function]: App\Controllers\Cotizaciones->App\Controllers\{closure}('322237300018207...', 'KIA SONET')
#2 /opt/bitnami/apache2/htdocs/portal/app/Controllers/Cotizaciones.php(126): usort(Array, Object(Closure))
#3 /opt/bitnami/apache2/htdocs/portal/system/CodeIgniter.php(802): App\Controllers\Cotizaciones->index()
#4 /opt/bitnami/apache2/htdocs/portal/system/CodeIgniter.php(399): CodeIgniter\CodeIgniter->runController(Object(App\Controllers\Cotizaciones))
#5 /opt/bitnami/apache2/htdocs/portal/system/CodeIgniter.php(317): CodeIgniter\CodeIgniter->handleRequest(NULL, Object(Config\Cache), false)
#6 /opt/bitnami/apache2/htdocs/portal/public/index.php(37): CodeIgniter\CodeIgniter->run()
#7 {main}
CRITICAL - 2025-03-21 09:04:53 --> Illegal string offset 'name'
#0 /opt/bitnami/apache2/htdocs/portal/app/Controllers/Cotizaciones.php(125): CodeIgniter\Debug\Exceptions->errorHandler(2, 'Illegal string ...', '/opt/bitnami/ap...', 125, Array)
#1 [internal function]: App\Controllers\Cotizaciones->App\Controllers\{closure}('322237300018207...', 'KIA SONET')
#2 /opt/bitnami/apache2/htdocs/portal/app/Controllers/Cotizaciones.php(126): usort(Array, Object(Closure))
#3 /opt/bitnami/apache2/htdocs/portal/system/CodeIgniter.php(802): App\Controllers\Cotizaciones->index()
#4 /opt/bitnami/apache2/htdocs/portal/system/CodeIgniter.php(399): CodeIgniter\CodeIgniter->runController(Object(App\Controllers\Cotizaciones))
#5 /opt/bitnami/apache2/htdocs/portal/system/CodeIgniter.php(317): CodeIgniter\CodeIgniter->handleRequest(NULL, Object(Config\Cache), false)
#6 /opt/bitnami/apache2/htdocs/portal/public/index.php(37): CodeIgniter\CodeIgniter->run()
#7 {main}
CRITICAL - 2025-03-21 09:05:03 --> Illegal string offset 'name'
#0 /opt/bitnami/apache2/htdocs/portal/app/Controllers/Cotizaciones.php(125): CodeIgniter\Debug\Exceptions->errorHandler(2, 'Illegal string ...', '/opt/bitnami/ap...', 125, Array)
#1 [internal function]: App\Controllers\Cotizaciones->App\Controllers\{closure}('322237300018207...', 'KIA SONET')
#2 /opt/bitnami/apache2/htdocs/portal/app/Controllers/Cotizaciones.php(126): usort(Array, Object(Closure))
#3 /opt/bitnami/apache2/htdocs/portal/system/CodeIgniter.php(802): App\Controllers\Cotizaciones->index()
#4 /opt/bitnami/apache2/htdocs/portal/system/CodeIgniter.php(399): CodeIgniter\CodeIgniter->runController(Object(App\Controllers\Cotizaciones))
#5 /opt/bitnami/apache2/htdocs/portal/system/CodeIgniter.php(317): CodeIgniter\CodeIgniter->handleRequest(NULL, Object(Config\Cache), false)
#6 /opt/bitnami/apache2/htdocs/portal/public/index.php(37): CodeIgniter\CodeIgniter->run()
#7 {main}
CRITICAL - 2025-03-21 09:05:15 --> Illegal string offset 'name'
#0 /opt/bitnami/apache2/htdocs/portal/app/Controllers/Cotizaciones.php(125): CodeIgniter\Debug\Exceptions->errorHandler(2, 'Illegal string ...', '/opt/bitnami/ap...', 125, Array)
#1 [internal function]: App\Controllers\Cotizaciones->App\Controllers\{closure}('322237300018207...', 'KIA SONET')
#2 /opt/bitnami/apache2/htdocs/portal/app/Controllers/Cotizaciones.php(126): usort(Array, Object(Closure))
#3 /opt/bitnami/apache2/htdocs/portal/system/CodeIgniter.php(802): App\Controllers\Cotizaciones->index()
#4 /opt/bitnami/apache2/htdocs/portal/system/CodeIgniter.php(399): CodeIgniter\CodeIgniter->runController(Object(App\Controllers\Cotizaciones))
#5 /opt/bitnami/apache2/htdocs/portal/system/CodeIgniter.php(317): CodeIgniter\CodeIgniter->handleRequest(NULL, Object(Config\Cache), false)
#6 /opt/bitnami/apache2/htdocs/portal/public/index.php(37): CodeIgniter\CodeIgniter->run()
#7 {main}
CRITICAL - 2025-03-21 09:07:22 --> Call to a member function getEntityId() on array
#0 /opt/bitnami/apache2/htdocs/portal/system/View/View.php(214): include()
#1 /opt/bitnami/apache2/htdocs/portal/system/View/View.php(217): CodeIgniter\View\View->CodeIgniter\View\{closure}()
#2 /opt/bitnami/apache2/htdocs/portal/system/View/View.php(432): CodeIgniter\View\View->render('auto/cotizar', NULL, true)
#3 /opt/bitnami/apache2/htdocs/portal/app/Views/cotizaciones/cotizar.php(78): CodeIgniter\View\View->include('auto/cotizar')
#4 /opt/bitnami/apache2/htdocs/portal/system/View/View.php(214): include('/opt/bitnami/ap...')
#5 /opt/bitnami/apache2/htdocs/portal/system/View/View.php(217): CodeIgniter\View\View->CodeIgniter\View\{closure}()
#6 /opt/bitnami/apache2/htdocs/portal/system/Common.php(1092): CodeIgniter\View\View->render('cotizaciones/co...', Array, true)
#7 /opt/bitnami/apache2/htdocs/portal/app/Controllers/Cotizaciones.php(132): view('cotizaciones/co...', Array)
#8 /opt/bitnami/apache2/htdocs/portal/system/CodeIgniter.php(802): App\Controllers\Cotizaciones->index()
#9 /opt/bitnami/apache2/htdocs/portal/system/CodeIgniter.php(399): CodeIgniter\CodeIgniter->runController(Object(App\Controllers\Cotizaciones))
#10 /opt/bitnami/apache2/htdocs/portal/system/CodeIgniter.php(317): CodeIgniter\CodeIgniter->handleRequest(NULL, Object(Config\Cache), false)
#11 /opt/bitnami/apache2/htdocs/portal/public/index.php(37): CodeIgniter\CodeIgniter->run()
#12 {main}
CRITICAL - 2025-03-21 09:07:37 --> Call to a member function getEntityId() on array
#0 /opt/bitnami/apache2/htdocs/portal/system/View/View.php(214): include()
#1 /opt/bitnami/apache2/htdocs/portal/system/View/View.php(217): CodeIgniter\View\View->CodeIgniter\View\{closure}()
#2 /opt/bitnami/apache2/htdocs/portal/system/View/View.php(432): CodeIgniter\View\View->render('auto/cotizar', NULL, true)
#3 /opt/bitnami/apache2/htdocs/portal/app/Views/cotizaciones/cotizar.php(78): CodeIgniter\View\View->include('auto/cotizar')
#4 /opt/bitnami/apache2/htdocs/portal/system/View/View.php(214): include('/opt/bitnami/ap...')
#5 /opt/bitnami/apache2/htdocs/portal/system/View/View.php(217): CodeIgniter\View\View->CodeIgniter\View\{closure}()
#6 /opt/bitnami/apache2/htdocs/portal/system/Common.php(1092): CodeIgniter\View\View->render('cotizaciones/co...', Array, true)
#7 /opt/bitnami/apache2/htdocs/portal/app/Controllers/Cotizaciones.php(132): view('cotizaciones/co...', Array)
#8 /opt/bitnami/apache2/htdocs/portal/system/CodeIgniter.php(802): App\Controllers\Cotizaciones->index()
#9 /opt/bitnami/apache2/htdocs/portal/system/CodeIgniter.php(399): CodeIgniter\CodeIgniter->runController(Object(App\Controllers\Cotizaciones))
#10 /opt/bitnami/apache2/htdocs/portal/system/CodeIgniter.php(317): CodeIgniter\CodeIgniter->handleRequest(NULL, Object(Config\Cache), false)
#11 /opt/bitnami/apache2/htdocs/portal/public/index.php(37): CodeIgniter\CodeIgniter->run()
#12 {main}
CRITICAL - 2025-03-21 09:07:45 --> Call to a member function getEntityId() on array
#0 /opt/bitnami/apache2/htdocs/portal/system/View/View.php(214): include()
#1 /opt/bitnami/apache2/htdocs/portal/system/View/View.php(217): CodeIgniter\View\View->CodeIgniter\View\{closure}()
#2 /opt/bitnami/apache2/htdocs/portal/system/View/View.php(432): CodeIgniter\View\View->render('auto/cotizar', NULL, true)
#3 /opt/bitnami/apache2/htdocs/portal/app/Views/cotizaciones/cotizar.php(78): CodeIgniter\View\View->include('auto/cotizar')
#4 /opt/bitnami/apache2/htdocs/portal/system/View/View.php(214): include('/opt/bitnami/ap...')
#5 /opt/bitnami/apache2/htdocs/portal/system/View/View.php(217): CodeIgniter\View\View->CodeIgniter\View\{closure}()
#6 /opt/bitnami/apache2/htdocs/portal/system/Common.php(1092): CodeIgniter\View\View->render('cotizaciones/co...', Array, true)
#7 /opt/bitnami/apache2/htdocs/portal/app/Controllers/Cotizaciones.php(132): view('cotizaciones/co...', Array)
#8 /opt/bitnami/apache2/htdocs/portal/system/CodeIgniter.php(802): App\Controllers\Cotizaciones->index()
#9 /opt/bitnami/apache2/htdocs/portal/system/CodeIgniter.php(399): CodeIgniter\CodeIgniter->runController(Object(App\Controllers\Cotizaciones))
#10 /opt/bitnami/apache2/htdocs/portal/system/CodeIgniter.php(317): CodeIgniter\CodeIgniter->handleRequest(NULL, Object(Config\Cache), false)
#11 /opt/bitnami/apache2/htdocs/portal/public/index.php(37): CodeIgniter\CodeIgniter->run()
#12 {main}
CRITICAL - 2025-03-21 09:08:02 --> Call to a member function getEntityId() on array
#0 /opt/bitnami/apache2/htdocs/portal/system/View/View.php(214): include()
#1 /opt/bitnami/apache2/htdocs/portal/system/View/View.php(217): CodeIgniter\View\View->CodeIgniter\View\{closure}()
#2 /opt/bitnami/apache2/htdocs/portal/system/View/View.php(432): CodeIgniter\View\View->render('auto/cotizar', NULL, true)
#3 /opt/bitnami/apache2/htdocs/portal/app/Views/cotizaciones/cotizar.php(78): CodeIgniter\View\View->include('auto/cotizar')
#4 /opt/bitnami/apache2/htdocs/portal/system/View/View.php(214): include('/opt/bitnami/ap...')
#5 /opt/bitnami/apache2/htdocs/portal/system/View/View.php(217): CodeIgniter\View\View->CodeIgniter\View\{closure}()
#6 /opt/bitnami/apache2/htdocs/portal/system/Common.php(1092): CodeIgniter\View\View->render('cotizaciones/co...', Array, true)
#7 /opt/bitnami/apache2/htdocs/portal/app/Controllers/Cotizaciones.php(132): view('cotizaciones/co...', Array)
#8 /opt/bitnami/apache2/htdocs/portal/system/CodeIgniter.php(802): App\Controllers\Cotizaciones->index()
#9 /opt/bitnami/apache2/htdocs/portal/system/CodeIgniter.php(399): CodeIgniter\CodeIgniter->runController(Object(App\Controllers\Cotizaciones))
#10 /opt/bitnami/apache2/htdocs/portal/system/CodeIgniter.php(317): CodeIgniter\CodeIgniter->handleRequest(NULL, Object(Config\Cache), false)
#11 /opt/bitnami/apache2/htdocs/portal/public/index.php(37): CodeIgniter\CodeIgniter->run()
#12 {main}
CRITICAL - 2025-03-21 09:08:03 --> Call to a member function getEntityId() on array
#0 /opt/bitnami/apache2/htdocs/portal/system/View/View.php(214): include()
#1 /opt/bitnami/apache2/htdocs/portal/system/View/View.php(217): CodeIgniter\View\View->CodeIgniter\View\{closure}()
#2 /opt/bitnami/apache2/htdocs/portal/system/View/View.php(432): CodeIgniter\View\View->render('auto/cotizar', NULL, true)
#3 /opt/bitnami/apache2/htdocs/portal/app/Views/cotizaciones/cotizar.php(78): CodeIgniter\View\View->include('auto/cotizar')
#4 /opt/bitnami/apache2/htdocs/portal/system/View/View.php(214): include('/opt/bitnami/ap...')
#5 /opt/bitnami/apache2/htdocs/portal/system/View/View.php(217): CodeIgniter\View\View->CodeIgniter\View\{closure}()
#6 /opt/bitnami/apache2/htdocs/portal/system/Common.php(1092): CodeIgniter\View\View->render('cotizaciones/co...', Array, true)
#7 /opt/bitnami/apache2/htdocs/portal/app/Controllers/Cotizaciones.php(132): view('cotizaciones/co...', Array)
#8 /opt/bitnami/apache2/htdocs/portal/system/CodeIgniter.php(802): App\Controllers\Cotizaciones->index()
#9 /opt/bitnami/apache2/htdocs/portal/system/CodeIgniter.php(399): CodeIgniter\CodeIgniter->runController(Object(App\Controllers\Cotizaciones))
#10 /opt/bitnami/apache2/htdocs/portal/system/CodeIgniter.php(317): CodeIgniter\CodeIgniter->handleRequest(NULL, Object(Config\Cache), false)
#11 /opt/bitnami/apache2/htdocs/portal/public/index.php(37): CodeIgniter\CodeIgniter->run()
#12 {main}
CRITICAL - 2025-03-21 09:08:05 --> Call to a member function getEntityId() on array
#0 /opt/bitnami/apache2/htdocs/portal/system/View/View.php(214): include()
#1 /opt/bitnami/apache2/htdocs/portal/system/View/View.php(217): CodeIgniter\View\View->CodeIgniter\View\{closure}()
#2 /opt/bitnami/apache2/htdocs/portal/system/View/View.php(432): CodeIgniter\View\View->render('auto/cotizar', NULL, true)
#3 /opt/bitnami/apache2/htdocs/portal/app/Views/cotizaciones/cotizar.php(78): CodeIgniter\View\View->include('auto/cotizar')
#4 /opt/bitnami/apache2/htdocs/portal/system/View/View.php(214): include('/opt/bitnami/ap...')
#5 /opt/bitnami/apache2/htdocs/portal/system/View/View.php(217): CodeIgniter\View\View->CodeIgniter\View\{closure}()
#6 /opt/bitnami/apache2/htdocs/portal/system/Common.php(1092): CodeIgniter\View\View->render('cotizaciones/co...', Array, true)
#7 /opt/bitnami/apache2/htdocs/portal/app/Controllers/Cotizaciones.php(132): view('cotizaciones/co...', Array)
#8 /opt/bitnami/apache2/htdocs/portal/system/CodeIgniter.php(802): App\Controllers\Cotizaciones->index()
#9 /opt/bitnami/apache2/htdocs/portal/system/CodeIgniter.php(399): CodeIgniter\CodeIgniter->runController(Object(App\Controllers\Cotizaciones))
#10 /opt/bitnami/apache2/htdocs/portal/system/CodeIgniter.php(317): CodeIgniter\CodeIgniter->handleRequest(NULL, Object(Config\Cache), false)
#11 /opt/bitnami/apache2/htdocs/portal/public/index.php(37): CodeIgniter\CodeIgniter->run()
#12 {main}
CRITICAL - 2025-03-21 09:08:17 --> Call to a member function getEntityId() on array
#0 /opt/bitnami/apache2/htdocs/portal/system/View/View.php(214): include()
#1 /opt/bitnami/apache2/htdocs/portal/system/View/View.php(217): CodeIgniter\View\View->CodeIgniter\View\{closure}()
#2 /opt/bitnami/apache2/htdocs/portal/system/View/View.php(432): CodeIgniter\View\View->render('auto/cotizar', NULL, true)
#3 /opt/bitnami/apache2/htdocs/portal/app/Views/cotizaciones/cotizar.php(78): CodeIgniter\View\View->include('auto/cotizar')
#4 /opt/bitnami/apache2/htdocs/portal/system/View/View.php(214): include('/opt/bitnami/ap...')
#5 /opt/bitnami/apache2/htdocs/portal/system/View/View.php(217): CodeIgniter\View\View->CodeIgniter\View\{closure}()
#6 /opt/bitnami/apache2/htdocs/portal/system/Common.php(1092): CodeIgniter\View\View->render('cotizaciones/co...', Array, true)
#7 /opt/bitnami/apache2/htdocs/portal/app/Controllers/Cotizaciones.php(132): view('cotizaciones/co...', Array)
#8 /opt/bitnami/apache2/htdocs/portal/system/CodeIgniter.php(802): App\Controllers\Cotizaciones->index()
#9 /opt/bitnami/apache2/htdocs/portal/system/CodeIgniter.php(399): CodeIgniter\CodeIgniter->runController(Object(App\Controllers\Cotizaciones))
#10 /opt/bitnami/apache2/htdocs/portal/system/CodeIgniter.php(317): CodeIgniter\CodeIgniter->handleRequest(NULL, Object(Config\Cache), false)
#11 /opt/bitnami/apache2/htdocs/portal/public/index.php(37): CodeIgniter\CodeIgniter->run()
#12 {main}
