CRITICAL - 2025-03-20 10:46:01 --> Invalid argument supplied for foreach()
#0 /opt/bitnami/apache2/htdocs/portal/app/Controllers/Cotizaciones.php(105): CodeIgniter\Debug\Exceptions->errorHandler(2, 'Invalid argumen...', '/opt/bitnami/ap...', 105, Array)
#1 /opt/bitnami/apache2/htdocs/portal/system/CodeIgniter.php(802): App\Controllers\Cotizaciones->index()
#2 /opt/bitnami/apache2/htdocs/portal/system/CodeIgniter.php(399): CodeIgniter\CodeIgniter->runController(Object(App\Controllers\Cotizaciones))
#3 /opt/bitnami/apache2/htdocs/portal/system/CodeIgniter.php(317): CodeIgniter\CodeIgniter->handleRequest(NULL, Object(Config\Cache), false)
#4 /opt/bitnami/apache2/htdocs/portal/public/index.php(37): CodeIgniter\CodeIgniter->run()
#5 {main}
CRITICAL - 2025-03-20 10:51:21 --> Invalid argument supplied for foreach()
#0 /opt/bitnami/apache2/htdocs/portal/app/Controllers/Cotizaciones.php(105): CodeIgniter\Debug\Exceptions->errorHandler(2, 'Invalid argumen...', '/opt/bitnami/ap...', 105, Array)
#1 /opt/bitnami/apache2/htdocs/portal/system/CodeIgniter.php(802): App\Controllers\Cotizaciones->index()
#2 /opt/bitnami/apache2/htdocs/portal/system/CodeIgniter.php(399): CodeIgniter\CodeIgniter->runController(Object(App\Controllers\Cotizaciones))
#3 /opt/bitnami/apache2/htdocs/portal/system/CodeIgniter.php(317): CodeIgniter\CodeIgniter->handleRequest(NULL, Object(Config\Cache), false)
#4 /opt/bitnami/apache2/htdocs/portal/public/index.php(37): CodeIgniter\CodeIgniter->run()
#5 {main}
CRITICAL - 2025-03-20 10:53:42 --> Invalid argument supplied for foreach()
#0 /opt/bitnami/apache2/htdocs/portal/app/Controllers/Cotizaciones.php(105): CodeIgniter\Debug\Exceptions->errorHandler(2, 'Invalid argumen...', '/opt/bitnami/ap...', 105, Array)
#1 /opt/bitnami/apache2/htdocs/portal/system/CodeIgniter.php(802): App\Controllers\Cotizaciones->index()
#2 /opt/bitnami/apache2/htdocs/portal/system/CodeIgniter.php(399): CodeIgniter\CodeIgniter->runController(Object(App\Controllers\Cotizaciones))
#3 /opt/bitnami/apache2/htdocs/portal/system/CodeIgniter.php(317): CodeIgniter\CodeIgniter->handleRequest(NULL, Object(Config\Cache), false)
#4 /opt/bitnami/apache2/htdocs/portal/public/index.php(37): CodeIgniter\CodeIgniter->run()
#5 {main}
CRITICAL - 2025-03-20 10:54:15 --> Invalid argument supplied for foreach()
#0 /opt/bitnami/apache2/htdocs/portal/app/Controllers/Cotizaciones.php(105): CodeIgniter\Debug\Exceptions->errorHandler(2, 'Invalid argumen...', '/opt/bitnami/ap...', 105, Array)
#1 /opt/bitnami/apache2/htdocs/portal/system/CodeIgniter.php(802): App\Controllers\Cotizaciones->index()
#2 /opt/bitnami/apache2/htdocs/portal/system/CodeIgniter.php(399): CodeIgniter\CodeIgniter->runController(Object(App\Controllers\Cotizaciones))
#3 /opt/bitnami/apache2/htdocs/portal/system/CodeIgniter.php(317): CodeIgniter\CodeIgniter->handleRequest(NULL, Object(Config\Cache), false)
#4 /opt/bitnami/apache2/htdocs/portal/public/index.php(37): CodeIgniter\CodeIgniter->run()
#5 {main}
CRITICAL - 2025-03-20 13:08:52 --> Invalid argument supplied for foreach()
#0 /opt/bitnami/apache2/htdocs/portal/app/Controllers/Cotizaciones.php(327): CodeIgniter\Debug\Exceptions->errorHandler(2, 'Invalid argumen...', '/opt/bitnami/ap...', 327, Array)
#1 /opt/bitnami/apache2/htdocs/portal/system/CodeIgniter.php(802): App\Controllers\Cotizaciones->condicionado('322237300020331...')
#2 /opt/bitnami/apache2/htdocs/portal/system/CodeIgniter.php(399): CodeIgniter\CodeIgniter->runController(Object(App\Controllers\Cotizaciones))
#3 /opt/bitnami/apache2/htdocs/portal/system/CodeIgniter.php(317): CodeIgniter\CodeIgniter->handleRequest(NULL, Object(Config\Cache), false)
#4 /opt/bitnami/apache2/htdocs/portal/public/index.php(37): CodeIgniter\CodeIgniter->run()
#5 {main}
CRITICAL - 2025-03-20 13:09:24 --> Invalid argument supplied for foreach()
#0 /opt/bitnami/apache2/htdocs/portal/app/Controllers/Cotizaciones.php(327): CodeIgniter\Debug\Exceptions->errorHandler(2, 'Invalid argumen...', '/opt/bitnami/ap...', 327, Array)
#1 /opt/bitnami/apache2/htdocs/portal/system/CodeIgniter.php(802): App\Controllers\Cotizaciones->condicionado('322237300020331...')
#2 /opt/bitnami/apache2/htdocs/portal/system/CodeIgniter.php(399): CodeIgniter\CodeIgniter->runController(Object(App\Controllers\Cotizaciones))
#3 /opt/bitnami/apache2/htdocs/portal/system/CodeIgniter.php(317): CodeIgniter\CodeIgniter->handleRequest(NULL, Object(Config\Cache), false)
#4 /opt/bitnami/apache2/htdocs/portal/public/index.php(37): CodeIgniter\CodeIgniter->run()
#5 {main}
CRITICAL - 2025-03-20 13:42:30 --> Invalid argument supplied for foreach()
#0 /opt/bitnami/apache2/htdocs/portal/app/Controllers/Cotizaciones.php(327): CodeIgniter\Debug\Exceptions->errorHandler(2, 'Invalid argumen...', '/opt/bitnami/ap...', 327, Array)
#1 /opt/bitnami/apache2/htdocs/portal/system/CodeIgniter.php(802): App\Controllers\Cotizaciones->condicionado('322237300020331...')
#2 /opt/bitnami/apache2/htdocs/portal/system/CodeIgniter.php(399): CodeIgniter\CodeIgniter->runController(Object(App\Controllers\Cotizaciones))
#3 /opt/bitnami/apache2/htdocs/portal/system/CodeIgniter.php(317): CodeIgniter\CodeIgniter->handleRequest(NULL, Object(Config\Cache), false)
#4 /opt/bitnami/apache2/htdocs/portal/public/index.php(37): CodeIgniter\CodeIgniter->run()
#5 {main}
CRITICAL - 2025-03-20 13:43:04 --> Invalid argument supplied for foreach()
#0 /opt/bitnami/apache2/htdocs/portal/app/Controllers/Cotizaciones.php(327): CodeIgniter\Debug\Exceptions->errorHandler(2, 'Invalid argumen...', '/opt/bitnami/ap...', 327, Array)
#1 /opt/bitnami/apache2/htdocs/portal/system/CodeIgniter.php(802): App\Controllers\Cotizaciones->condicionado('322237300020331...')
#2 /opt/bitnami/apache2/htdocs/portal/system/CodeIgniter.php(399): CodeIgniter\CodeIgniter->runController(Object(App\Controllers\Cotizaciones))
#3 /opt/bitnami/apache2/htdocs/portal/system/CodeIgniter.php(317): CodeIgniter\CodeIgniter->handleRequest(NULL, Object(Config\Cache), false)
#4 /opt/bitnami/apache2/htdocs/portal/public/index.php(37): CodeIgniter\CodeIgniter->run()
#5 {main}
CRITICAL - 2025-03-20 18:38:37 --> Invalid argument supplied for foreach()
#0 /opt/bitnami/apache2/htdocs/portal/app/Views/auto/cotizar.php(17): CodeIgniter\Debug\Exceptions->errorHandler(2, 'Invalid argumen...', '/opt/bitnami/ap...', 17, Array)
#1 /opt/bitnami/apache2/htdocs/portal/system/View/View.php(214): include('/opt/bitnami/ap...')
#2 /opt/bitnami/apache2/htdocs/portal/system/View/View.php(217): CodeIgniter\View\View->CodeIgniter\View\{closure}()
#3 /opt/bitnami/apache2/htdocs/portal/system/View/View.php(432): CodeIgniter\View\View->render('auto/cotizar', NULL, true)
#4 /opt/bitnami/apache2/htdocs/portal/app/Views/cotizaciones/cotizar.php(78): CodeIgniter\View\View->include('auto/cotizar')
#5 /opt/bitnami/apache2/htdocs/portal/system/View/View.php(214): include('/opt/bitnami/ap...')
#6 /opt/bitnami/apache2/htdocs/portal/system/View/View.php(217): CodeIgniter\View\View->CodeIgniter\View\{closure}()
#7 /opt/bitnami/apache2/htdocs/portal/system/Common.php(1092): CodeIgniter\View\View->render('cotizaciones/co...', Array, true)
#8 /opt/bitnami/apache2/htdocs/portal/app/Controllers/Cotizaciones.php(144): view('cotizaciones/co...', Array)
#9 /opt/bitnami/apache2/htdocs/portal/system/CodeIgniter.php(802): App\Controllers\Cotizaciones->index()
#10 /opt/bitnami/apache2/htdocs/portal/system/CodeIgniter.php(399): CodeIgniter\CodeIgniter->runController(Object(App\Controllers\Cotizaciones))
#11 /opt/bitnami/apache2/htdocs/portal/system/CodeIgniter.php(317): CodeIgniter\CodeIgniter->handleRequest(NULL, Object(Config\Cache), false)
#12 /opt/bitnami/apache2/htdocs/portal/public/index.php(37): CodeIgniter\CodeIgniter->run()
#13 {main}
CRITICAL - 2025-03-20 18:39:43 --> Illegal string offset 'id'
#0 /opt/bitnami/apache2/htdocs/portal/app/Views/auto/cotizar.php(18): CodeIgniter\Debug\Exceptions->errorHandler(2, 'Illegal string ...', '/opt/bitnami/ap...', 18, Array)
#1 /opt/bitnami/apache2/htdocs/portal/system/View/View.php(214): include('/opt/bitnami/ap...')
#2 /opt/bitnami/apache2/htdocs/portal/system/View/View.php(217): CodeIgniter\View\View->CodeIgniter\View\{closure}()
#3 /opt/bitnami/apache2/htdocs/portal/system/View/View.php(432): CodeIgniter\View\View->render('auto/cotizar', NULL, true)
#4 /opt/bitnami/apache2/htdocs/portal/app/Views/cotizaciones/cotizar.php(78): CodeIgniter\View\View->include('auto/cotizar')
#5 /opt/bitnami/apache2/htdocs/portal/system/View/View.php(214): include('/opt/bitnami/ap...')
#6 /opt/bitnami/apache2/htdocs/portal/system/View/View.php(217): CodeIgniter\View\View->CodeIgniter\View\{closure}()
#7 /opt/bitnami/apache2/htdocs/portal/system/Common.php(1092): CodeIgniter\View\View->render('cotizaciones/co...', Array, true)
#8 /opt/bitnami/apache2/htdocs/portal/app/Controllers/Cotizaciones.php(144): view('cotizaciones/co...', Array)
#9 /opt/bitnami/apache2/htdocs/portal/system/CodeIgniter.php(802): App\Controllers\Cotizaciones->index()
#10 /opt/bitnami/apache2/htdocs/portal/system/CodeIgniter.php(399): CodeIgniter\CodeIgniter->runController(Object(App\Controllers\Cotizaciones))
#11 /opt/bitnami/apache2/htdocs/portal/system/CodeIgniter.php(317): CodeIgniter\CodeIgniter->handleRequest(NULL, Object(Config\Cache), false)
#12 /opt/bitnami/apache2/htdocs/portal/public/index.php(37): CodeIgniter\CodeIgniter->run()
#13 {main}
CRITICAL - 2025-03-20 18:40:34 --> Illegal string offset 'id'
#0 /opt/bitnami/apache2/htdocs/portal/app/Views/auto/cotizar.php(18): CodeIgniter\Debug\Exceptions->errorHandler(2, 'Illegal string ...', '/opt/bitnami/ap...', 18, Array)
#1 /opt/bitnami/apache2/htdocs/portal/system/View/View.php(214): include('/opt/bitnami/ap...')
#2 /opt/bitnami/apache2/htdocs/portal/system/View/View.php(217): CodeIgniter\View\View->CodeIgniter\View\{closure}()
#3 /opt/bitnami/apache2/htdocs/portal/system/View/View.php(432): CodeIgniter\View\View->render('auto/cotizar', NULL, true)
#4 /opt/bitnami/apache2/htdocs/portal/app/Views/cotizaciones/cotizar.php(78): CodeIgniter\View\View->include('auto/cotizar')
#5 /opt/bitnami/apache2/htdocs/portal/system/View/View.php(214): include('/opt/bitnami/ap...')
#6 /opt/bitnami/apache2/htdocs/portal/system/View/View.php(217): CodeIgniter\View\View->CodeIgniter\View\{closure}()
#7 /opt/bitnami/apache2/htdocs/portal/system/Common.php(1092): CodeIgniter\View\View->render('cotizaciones/co...', Array, true)
#8 /opt/bitnami/apache2/htdocs/portal/app/Controllers/Cotizaciones.php(144): view('cotizaciones/co...', Array)
#9 /opt/bitnami/apache2/htdocs/portal/system/CodeIgniter.php(802): App\Controllers\Cotizaciones->index()
#10 /opt/bitnami/apache2/htdocs/portal/system/CodeIgniter.php(399): CodeIgniter\CodeIgniter->runController(Object(App\Controllers\Cotizaciones))
#11 /opt/bitnami/apache2/htdocs/portal/system/CodeIgniter.php(317): CodeIgniter\CodeIgniter->handleRequest(NULL, Object(Config\Cache), false)
#12 /opt/bitnami/apache2/htdocs/portal/public/index.php(37): CodeIgniter\CodeIgniter->run()
#13 {main}
